<?xml version="1.0" encoding="UTF-8"?>
<!-- Generated by org.testng.reporters.JUnitReportReporter -->
<testsuite skipped="0" hostname="Alok-PC" name="com.qa.testng.ParameterTest" tests="1" failures="0" timestamp="13 May 2020 18:43:26 GMT" time="27.367" errors="0">
  <testcase name="crmLoginTest" time="27.367" classname="com.qa.testng.ParameterTest"/>
</testsuite> <!-- com.qa.testng.ParameterTest -->
