<?xml version="1.0" encoding="UTF-8"?>
<!-- Generated by org.testng.reporters.JUnitReportReporter -->
<testsuite skipped="0" hostname="Alok-PC" name="com.qa.test.MultipleWindows" tests="1" failures="0" timestamp="17 May 2020 14:06:50 GMT" time="18.786" errors="0">
  <testcase name="testMultipleWindows" time="18.786" classname="com.qa.test.MultipleWindows"/>
</testsuite> <!-- com.qa.test.MultipleWindows -->
