<?xml version="1.0" encoding="UTF-8"?>
<!-- Generated by org.testng.reporters.JUnitReportReporter -->
<testsuite skipped="0" hostname="Alok-PC" name="com.qa.testng.GoogleTest" tests="2" failures="0" timestamp="13 May 2020 18:15:53 GMT" time="22.978" errors="0">
  <testcase name="titleTest" time="11.781" classname="com.qa.testng.GoogleTest"/>
  <testcase name="gmailLinkTest" time="11.197" classname="com.qa.testng.GoogleTest"/>
</testsuite> <!-- com.qa.testng.GoogleTest -->
