<?xml version="1.0" encoding="UTF-8"?>
<!-- Generated by org.testng.reporters.JUnitReportReporter -->
<testsuite skipped="0" hostname="Alok-PC" name="com.qa.testng.AnnotationsTest" tests="1" failures="0" timestamp="25 May 2020 14:37:13 GMT" time="0.021" errors="0">
  <testcase name="test" time="0.021" classname="com.qa.testng.AnnotationsTest"/>
</testsuite> <!-- com.qa.testng.AnnotationsTest -->
