<?xml version="1.0" encoding="UTF-8"?>
<!-- Generated by org.testng.reporters.JUnitReportReporter -->
<testsuite skipped="0" hostname="Alok-PC" name="com.qa.testng.InvocationCountCocept" tests="1" failures="0" timestamp="13 May 2020 12:46:29 GMT" time="7.927" errors="0">
  <testcase name="googleTest" time="7.927" classname="com.qa.testng.InvocationCountCocept"/>
</testsuite> <!-- com.qa.testng.InvocationCountCocept -->
